<?xml version="1.0" encoding="UTF-8"?>
<testng-results ignored="0" total="1" passed="0" failed="1" skipped="0">
  <reporter-output>
    <line>
      <![CDATA[CreateOrganizationTestTestscript execution is Started]]>
    </line>
    <line>
      <![CDATA[CreateOrganizationTestTestscript execution is Fail]]>
    </line>
  </reporter-output>
  <suite started-at="2024-03-21T16:57:45 IST" name="Default suite" finished-at="2024-03-21T16:58:11 IST" duration-ms="26075">
    <groups>
    </groups>
    <test started-at="2024-03-21T16:57:45 IST" name="Default test" finished-at="2024-03-21T16:58:11 IST" duration-ms="26075">
      <class name="vtigercrm.OrganizationsTest">
        <test-method is-config="true" signature="BS()[pri:0, instance:vtigercrm.OrganizationsTest@2dc54ad4]" started-at="2024-03-21T16:57:45 IST" name="BS" finished-at="2024-03-21T16:57:45 IST" duration-ms="13" status="PASS">
          <reporter-output>
          </reporter-output>
        </test-method> <!-- BS -->
        <test-method is-config="true" signature="BC()[pri:0, instance:vtigercrm.OrganizationsTest@2dc54ad4]" started-at="2024-03-21T16:57:46 IST" name="BC" finished-at="2024-03-21T16:57:52 IST" duration-ms="6170" status="PASS">
          <reporter-output>
          </reporter-output>
        </test-method> <!-- BC -->
        <test-method is-config="true" signature="BM()[pri:0, instance:vtigercrm.OrganizationsTest@2dc54ad4]" started-at="2024-03-21T16:57:52 IST" name="BM" finished-at="2024-03-21T16:57:56 IST" duration-ms="4401" status="PASS">
          <reporter-output>
          </reporter-output>
        </test-method> <!-- BM -->
        <test-method signature="CreateOrganizationTest()[pri:0, instance:vtigercrm.OrganizationsTest@2dc54ad4]" started-at="2024-03-21T16:57:56 IST" name="CreateOrganizationTest" finished-at="2024-03-21T16:58:07 IST" duration-ms="10353" status="FAIL">
          <exception class="java.lang.AssertionError">
            <message>
              <![CDATA[expected [http://localhost:8888/pune/index.php?module=Home&action=index&parenttab=My%20Home%20Page] but found [http://localhost:8888/index.php?module=Accounts&action=EditView&return_action=DetailView&parenttab=Marketing]]]>
            </message>
            <full-stacktrace>
              <![CDATA[java.lang.AssertionError: expected [http://localhost:8888/pune/index.php?module=Home&action=index&parenttab=My%20Home%20Page] but found [http://localhost:8888/index.php?module=Accounts&action=EditView&return_action=DetailView&parenttab=Marketing]
at org.testng.Assert.fail(Assert.java:99)
at org.testng.Assert.failNotEquals(Assert.java:1037)
at org.testng.Assert.assertEqualsImpl(Assert.java:140)
at org.testng.Assert.assertEquals(Assert.java:122)
at org.testng.Assert.assertEquals(Assert.java:629)
at org.testng.Assert.assertEquals(Assert.java:639)
at vtigercrm.OrganizationsTest.CreateOrganizationTest(OrganizationsTest.java:78)
at java.base/jdk.internal.reflect.NativeMethodAccessorImpl.invoke0(Native Method)
at java.base/jdk.internal.reflect.NativeMethodAccessorImpl.invoke(NativeMethodAccessorImpl.java:77)
at java.base/jdk.internal.reflect.DelegatingMethodAccessorImpl.invoke(DelegatingMethodAccessorImpl.java:43)
at java.base/java.lang.reflect.Method.invoke(Method.java:568)
at org.testng.internal.MethodInvocationHelper.invokeMethod(MethodInvocationHelper.java:133)
at org.testng.internal.TestInvoker.invokeMethod(TestInvoker.java:598)
at org.testng.internal.TestInvoker.invokeTestMethod(TestInvoker.java:173)
at org.testng.internal.MethodRunner.runInSequence(MethodRunner.java:46)
at org.testng.internal.TestInvoker$MethodInvocationAgent.invoke(TestInvoker.java:824)
at org.testng.internal.TestInvoker.invokeTestMethods(TestInvoker.java:146)
at org.testng.internal.TestMethodWorker.invokeTestMethods(TestMethodWorker.java:146)
at org.testng.internal.TestMethodWorker.run(TestMethodWorker.java:128)
at java.base/java.util.ArrayList.forEach(ArrayList.java:1511)
at org.testng.TestRunner.privateRun(TestRunner.java:794)
at org.testng.TestRunner.run(TestRunner.java:596)
at org.testng.SuiteRunner.runTest(SuiteRunner.java:377)
at org.testng.SuiteRunner.runSequentially(SuiteRunner.java:371)
at org.testng.SuiteRunner.privateRun(SuiteRunner.java:332)
at org.testng.SuiteRunner.run(SuiteRunner.java:276)
at org.testng.SuiteRunnerWorker.runSuite(SuiteRunnerWorker.java:53)
at org.testng.SuiteRunnerWorker.run(SuiteRunnerWorker.java:96)
at org.testng.TestNG.runSuitesSequentially(TestNG.java:1212)
at org.testng.TestNG.runSuitesLocally(TestNG.java:1134)
at org.testng.TestNG.runSuites(TestNG.java:1063)
at org.testng.TestNG.run(TestNG.java:1031)
at org.testng.remote.AbstractRemoteTestNG.run(AbstractRemoteTestNG.java:115)
at org.testng.remote.RemoteTestNG.initAndRun(RemoteTestNG.java:251)
at org.testng.remote.RemoteTestNG.main(RemoteTestNG.java:77)
]]>
            </full-stacktrace>
          </exception> <!-- java.lang.AssertionError -->
          <reporter-output>
            <line>
              <![CDATA[CreateOrganizationTestTestscript execution is Started]]>
            </line>
            <line>
              <![CDATA[CreateOrganizationTestTestscript execution is Fail]]>
            </line>
          </reporter-output>
        </test-method> <!-- CreateOrganizationTest -->
        <test-method is-config="true" signature="AM()[pri:0, instance:vtigercrm.OrganizationsTest@2dc54ad4]" started-at="2024-03-21T16:58:07 IST" name="AM" finished-at="2024-03-21T16:58:11 IST" duration-ms="3983" status="PASS">
          <reporter-output>
          </reporter-output>
        </test-method> <!-- AM -->
        <test-method is-config="true" signature="AC()[pri:0, instance:vtigercrm.OrganizationsTest@2dc54ad4]" started-at="2024-03-21T16:58:11 IST" name="AC" finished-at="2024-03-21T16:58:11 IST" duration-ms="329" status="PASS">
          <reporter-output>
          </reporter-output>
        </test-method> <!-- AC -->
        <test-method is-config="true" signature="AS()[pri:0, instance:vtigercrm.OrganizationsTest@2dc54ad4]" started-at="2024-03-21T16:58:12 IST" name="AS" finished-at="2024-03-21T16:58:12 IST" duration-ms="1" status="PASS">
          <reporter-output>
          </reporter-output>
        </test-method> <!-- AS -->
      </class> <!-- vtigercrm.OrganizationsTest -->
    </test> <!-- Default test -->
  </suite> <!-- Default suite -->
</testng-results>
